<?xml version="1.0" encoding="UTF-8"?>
<!-- Generated by org.testng.reporters.JUnitReportReporter -->
<testsuite hostname="FFE-Shaikh-Tabrez" failures="0" tests="1" name="org.automation.test_scripts.ChangePasswordTest" time="6.332" errors="0" timestamp="2024-05-01T20:57:59 IST" skipped="0">
  <testcase classname="org.automation.test_scripts.ChangePasswordTest" name="verify_User_Is_Able_To_Change_Password" time="6.332"/>
  <system-out>
    <![CDATA[Account Page Displayed
verify_User_Is_Able_To_Change_Password is Passed...]]>
  </system-out>
</testsuite> <!-- org.automation.test_scripts.ChangePasswordTest -->
