<?xml version="1.0" encoding="UTF-8"?>
<!-- Generated by org.testng.reporters.JUnitReportReporter -->
<testsuite hostname="FFE-Shaikh-Tabrez" failures="0" tests="1" name="org.automation.test_scripts.Book02Test" time="8.787" errors="0" timestamp="2024-05-01T20:55:33 IST" skipped="0">
  <testcase classname="org.automation.test_scripts.Book02Test" name="verify_User_Is_Able_To_Remove_Product_From_Wishlist" time="8.787"/>
  <system-out>
    <![CDATA[Books Page Displayed
Fiction Ex Product Page Displayed
Wish List Page Displayed
Fiction Ex Book Is Displayed
verify_User_Is_Able_To_Remove_Product_From_Wishlist is Pass...]]>
  </system-out>
</testsuite> <!-- org.automation.test_scripts.Book02Test -->
