<?xml version="1.0" encoding="UTF-8"?>
<!-- Generated by org.testng.reporters.JUnitReportReporter -->
<testsuite hostname="FFE-Shaikh-Tabrez" failures="0" tests="1" name="org.automation.test_scripts.SneakerTest" time="9.131" errors="0" timestamp="2024-05-01T21:04:28 IST" skipped="0">
  <testcase classname="org.automation.test_scripts.SneakerTest" name="verify_User_Is_Able_To_Move_Product_from_Wishlist_To_Cart" time="9.131"/>
  <system-out>
    <![CDATA[Apparel & Shoes Page Displayed
Blue and green Sneaker Page Displayed
Wish List Page Displayed
Shopping Cart Page Displayed
verify_User_Is_Able_To_Move_Product_from_Wishlist_To_Cart is Passed...]]>
  </system-out>
</testsuite> <!-- org.automation.test_scripts.SneakerTest -->
