<?xml version="1.0" encoding="UTF-8"?>
<!-- Generated by org.testng.reporters.JUnitReportReporter -->
<testsuite hostname="FFE-Shaikh-Tabrez" failures="0" tests="1" name="org.automation.test_scripts.Sneaker" time="7.385" errors="0" timestamp="2024-04-25T09:52:08 IST" skipped="0">
  <testcase classname="org.automation.test_scripts.Sneaker" name="verify_User_Is_Able_To_Move_Product_from_Wishlist_To_Cart" time="7.385"/>
  <system-out>
    <![CDATA[Apparel & Shoes Page Displayed
Blue and green Sneaker Page Displayed
Wish List Page Displayed
Shopping Cart Page Displayed
verify_User_Is_Able_To_Move_Product_from_Wishlist_To_Cart is Passed...]]>
  </system-out>
</testsuite> <!-- org.automation.test_scripts.Sneaker -->
