<?xml version="1.0" encoding="UTF-8"?>
<!-- Generated by org.testng.reporters.JUnitReportReporter -->
<testsuite hostname="FFE-Shaikh-Tabrez" failures="0" tests="1" name="org.automation.test_scripts.Book01" time="7.159" errors="0" timestamp="2024-04-24T12:36:30 IST" skipped="0">
  <testcase classname="org.automation.test_scripts.Book01" name="verify_User_Is_Able_To_Add_Product_To_Wishlist" time="7.159"/>
  <system-out>
    <![CDATA[Books Page Displayed
Fiction Ex Product Page Displayed
Wish List Page Displayed
verify_User_Is_Able_To_Add_Product_To_WishList Test Case Pass..]]>
  </system-out>
</testsuite> <!-- org.automation.test_scripts.Book01 -->
