<?xml version="1.0" encoding="UTF-8"?>
<!-- Generated by org.testng.reporters.JUnitReportReporter -->
<testsuite hostname="FFE-Shaikh-Tabrez" failures="0" tests="1" name="org.automation.test_scripts.ChangePassword" time="5.694" errors="0" timestamp="2024-04-25T09:52:57 IST" skipped="0">
  <testcase classname="org.automation.test_scripts.ChangePassword" name="verify_User_Is_Able_To_Change_Password" time="5.694"/>
  <system-out>
    <![CDATA[Account Page Displayed
verify_User_Is_Able_To_Change_Password is Passed...]]>
  </system-out>
</testsuite> <!-- org.automation.test_scripts.ChangePassword -->
