<?xml version="1.0" encoding="UTF-8"?>
<!-- Generated by org.testng.reporters.JUnitReportReporter -->
<testsuite hostname="FFE-Shaikh-Tabrez" failures="0" tests="1" name="org.automation.test_scripts.EmailFriendTest" time="9.041" errors="0" timestamp="2024-05-01T21:01:34 IST" skipped="0">
  <testcase classname="org.automation.test_scripts.EmailFriendTest" name="verify_User_Is_Able_To_Email_Product_To_A_Friend" time="9.041"/>
  <system-out>
    <![CDATA[Books Page Displayed
Fiction Ex Product Page Displayed
Email A Friend Page Displayed
verify_User_Is_Able_To_Email_Product_To_A_Friend is Passed...]]>
  </system-out>
</testsuite> <!-- org.automation.test_scripts.EmailFriendTest -->
