<?xml version="1.0" encoding="UTF-8"?>
<!-- Generated by org.testng.reporters.JUnitReportReporter -->
<testsuite hostname="FFE-Shaikh-Tabrez" failures="0" tests="1" name="org.automation.test_scripts.Book01Test" time="10.285" errors="0" timestamp="2024-05-01T20:10:04 IST" skipped="0">
  <testcase classname="org.automation.test_scripts.Book01Test" name="verify_User_Is_Able_To_Add_Product_To_Wishlist" time="10.285"/>
  <system-out>
    <![CDATA[Books Page Displayed
Fiction Ex Product Page Displayed
Wish List Page Displayed
verify_User_Is_Able_To_Add_Product_To_WishList Test Case Pass..]]>
  </system-out>
</testsuite> <!-- org.automation.test_scripts.Book01Test -->
