<?xml version="1.0" encoding="UTF-8"?>
<!-- Generated by org.testng.reporters.JUnitReportReporter -->
<testsuite hostname="FFE-Shaikh-Tabrez" failures="0" tests="1" name="org.automation.test_scripts.Subcribe" time="4.098" errors="0" timestamp="2024-04-24T21:31:07 IST" skipped="0">
  <testcase classname="org.automation.test_scripts.Subcribe" name="verify_User_Is_Able_To_Subcribe" time="4.098"/>
  <system-out>
    <![CDATA[verify_User_Is_Able_To_Subcribe is Pass...]]>
  </system-out>
</testsuite> <!-- org.automation.test_scripts.Subcribe -->
